# JRE version: OpenJDK Runtime Environment (8.0_191-b12) (build 1.8.0_191-8u191-b12-0ubuntu0.18.04.1-b12)
# Java VM: OpenJDK 64-Bit Server VM (25.191-b12 mixed mode linux-amd64 compressed oops)
Heap:
 PSYoungGen      total 220672K, used 214914K [0x00000000ec200000, 0x0000000100000000, 0x0000000100000000)
  eden space 137216K, 96% used [0x00000000ec200000,0x00000000f42a89d0,0x00000000f4800000)
  from space 83456K, 99% used [0x00000000f4800000,0x00000000f9938020,0x00000000f9980000)
  to   space 104960K, 0% used [0x00000000f9980000,0x00000000f9980000,0x0000000100000000)
 ParOldGen       total 588800K, used 548675K [0x00000000c4600000, 0x00000000e8500000, 0x00000000ec200000)
  object space 588800K, 93% used [0x00000000c4600000,0x00000000e5dd0cd8,0x00000000e8500000)
 Metaspace       used 16004K, capacity 16200K, committed 16384K, reserved 1062912K
  class space    used 1912K, capacity 1982K, committed 2048K, reserved 1048576K
GC Heap History (10 events):
Event: 563,004 GC heap before
{Heap before GC invocations=994 (full 6):
 PSYoungGen      total 315392K, used 310244K [0x00000000ec200000, 0x0000000100000000, 0x0000000100000000)
  eden space 305152K, 100% used [0x00000000ec200000,0x00000000fec00000,0x00000000fec00000)
  from space 10240K, 49% used [0x00000000fec00000,0x00000000ff0f9380,0x00000000ff600000)
  to   space 10240K, 0% used [0x00000000ff600000,0x00000000ff600000,0x0000000100000000)
 ParOldGen       total 401408K, used 261364K [0x00000000c4600000, 0x00000000dce00000, 0x00000000ec200000)
  object space 401408K, 65% used [0x00000000c4600000,0x00000000d453d200,0x00000000dce00000)
 Metaspace       used 16004K, capacity 16200K, committed 16384K, reserved 1062912K
  class space    used 1912K, capacity 1982K, committed 2048K, reserved 1048576K
Event: 563,098 GC heap after
Heap after GC invocations=994 (full 6):
 PSYoungGen      total 223232K, used 10238K [0x00000000ec200000, 0x0000000100000000, 0x0000000100000000)
  eden space 212992K, 0% used [0x00000000ec200000,0x00000000ec200000,0x00000000f9200000)
  from space 10240K, 99% used [0x00000000ff600000,0x00000000fffffb58,0x0000000100000000)
  to   space 56320K, 0% used [0x00000000f9200000,0x00000000f9200000,0x00000000fc900000)
 ParOldGen       total 401408K, used 325172K [0x00000000c4600000, 0x00000000dce00000, 0x00000000ec200000)
  object space 401408K, 81% used [0x00000000c4600000,0x00000000d838d200,0x00000000dce00000)
 Metaspace       used 16004K, capacity 16200K, committed 16384K, reserved 1062912K
  class space    used 1912K, capacity 1982K, committed 2048K, reserved 1048576K
}
Event: 563,200 GC heap before
{Heap before GC invocations=995 (full 6):
 PSYoungGen      total 223232K, used 223230K [0x00000000ec200000, 0x0000000100000000, 0x0000000100000000)
  eden space 212992K, 100% used [0x00000000ec200000,0x00000000f9200000,0x00000000f9200000)
  from space 10240K, 99% used [0x00000000ff600000,0x00000000fffffb58,0x0000000100000000)
  to   space 56320K, 0% used [0x00000000f9200000,0x00000000f9200000,0x00000000fc900000)
 ParOldGen       total 401408K, used 325172K [0x00000000c4600000, 0x00000000dce00000, 0x00000000ec200000)
  object space 401408K, 81% used [0x00000000c4600000,0x00000000d838d200,0x00000000dce00000)
 Metaspace       used 16004K, capacity 16200K, committed 16384K, reserved 1062912K
  class space    used 1912K, capacity 1982K, committed 2048K, reserved 1048576K
Event: 563,240 GC heap after
Heap after GC invocations=995 (full 6):
 PSYoungGen      total 269312K, used 56318K [0x00000000ec200000, 0x0000000100000000, 0x0000000100000000)
  eden space 212992K, 0% used [0x00000000ec200000,0x00000000ec200000,0x00000000f9200000)
  from space 56320K, 99% used [0x00000000f9200000,0x00000000fc8ff8f8,0x00000000fc900000)
  to   space 56320K, 0% used [0x00000000fc900000,0x00000000fc900000,0x0000000100000000)
 ParOldGen       total 401408K, used 331108K [0x00000000c4600000, 0x00000000dce00000, 0x00000000ec200000)
  object space 401408K, 82% used [0x00000000c4600000,0x00000000d8959200,0x00000000dce00000)
 Metaspace       used 16004K, capacity 16200K, committed 16384K, reserved 1062912K
  class space    used 1912K, capacity 1982K, committed 2048K, reserved 1048576K
}
Event: 563,333 GC heap before
{Heap before GC invocations=996 (full 6):
 PSYoungGen      total 269312K, used 269310K [0x00000000ec200000, 0x0000000100000000, 0x0000000100000000)
  eden space 212992K, 100% used [0x00000000ec200000,0x00000000f9200000,0x00000000f9200000)
  from space 56320K, 99% used [0x00000000f9200000,0x00000000fc8ff8f8,0x00000000fc900000)
  to   space 56320K, 0% used [0x00000000fc900000,0x00000000fc900000,0x0000000100000000)
 ParOldGen       total 401408K, used 331108K [0x00000000c4600000, 0x00000000dce00000, 0x00000000ec200000)
  object space 401408K, 82% used [0x00000000c4600000,0x00000000d8959200,0x00000000dce00000)
 Metaspace       used 16004K, capacity 16200K, committed 16384K, reserved 1062912K
  class space    used 1912K, capacity 1982K, committed 2048K, reserved 1048576K
Event: 563,403 GC heap after
Heap after GC invocations=996 (full 6):
 PSYoungGen      total 193536K, used 56317K [0x00000000ec200000, 0x0000000100000000, 0x0000000100000000)
  eden space 137216K, 0% used [0x00000000ec200000,0x00000000ec200000,0x00000000f4800000)
  from space 56320K, 99% used [0x00000000fc900000,0x00000000fffff568,0x0000000100000000)
  to   space 94208K, 0% used [0x00000000f4800000,0x00000000f4800000,0x00000000fa400000)
 ParOldGen       total 401408K, used 384060K [0x00000000c4600000, 0x00000000dce00000, 0x00000000ec200000)
  object space 401408K, 95% used [0x00000000c4600000,0x00000000dbd0f200,0x00000000dce00000)
 Metaspace       used 16004K, capacity 16200K, committed 16384K, reserved 1062912K
  class space    used 1912K, capacity 1982K, committed 2048K, reserved 1048576K
}
Event: 563,403 GC heap before
{Heap before GC invocations=997 (full 7):
 PSYoungGen      total 193536K, used 56317K [0x00000000ec200000, 0x0000000100000000, 0x0000000100000000)
  eden space 137216K, 0% used [0x00000000ec200000,0x00000000ec200000,0x00000000f4800000)
  from space 56320K, 99% used [0x00000000fc900000,0x00000000fffff568,0x0000000100000000)
  to   space 94208K, 0% used [0x00000000f4800000,0x00000000f4800000,0x00000000fa400000)
 ParOldGen       total 401408K, used 384060K [0x00000000c4600000, 0x00000000dce00000, 0x00000000ec200000)
  object space 401408K, 95% used [0x00000000c4600000,0x00000000dbd0f200,0x00000000dce00000)
 Metaspace       used 16004K, capacity 16200K, committed 16384K, reserved 1062912K
  class space    used 1912K, capacity 1982K, committed 2048K, reserved 1048576K
Event: 564,188 GC heap after
Heap after GC invocations=997 (full 7):
 PSYoungGen      total 193536K, used 38343K [0x00000000ec200000, 0x0000000100000000, 0x0000000100000000)
  eden space 137216K, 0% used [0x00000000ec200000,0x00000000ec200000,0x00000000f4800000)
  from space 56320K, 68% used [0x00000000fc900000,0x00000000fee71e90,0x0000000100000000)
  to   space 94208K, 0% used [0x00000000f4800000,0x00000000f4800000,0x00000000fa400000)
 ParOldGen       total 588800K, used 401219K [0x00000000c4600000, 0x00000000e8500000, 0x00000000ec200000)
  object space 588800K, 68% used [0x00000000c4600000,0x00000000dcdd0cc8,0x00000000e8500000)
 Metaspace       used 16004K, capacity 16200K, committed 16384K, reserved 1062912K
  class space    used 1912K, capacity 1982K, committed 2048K, reserved 1048576K
}
Event: 564,274 GC heap before
{Heap before GC invocations=998 (full 7):
 PSYoungGen      total 193536K, used 164313K [0x00000000ec200000, 0x0000000100000000, 0x0000000100000000)
  eden space 137216K, 91% used [0x00000000ec200000,0x00000000f3d04918,0x00000000f4800000)
  from space 56320K, 68% used [0x00000000fc900000,0x00000000fee71e90,0x0000000100000000)
  to   space 94208K, 0% used [0x00000000f4800000,0x00000000f4800000,0x00000000fa400000)
 ParOldGen       total 588800K, used 401219K [0x00000000c4600000, 0x00000000e8500000, 0x00000000ec200000)
  object space 588800K, 68% used [0x00000000c4600000,0x00000000dcdd0cc8,0x00000000e8500000)
 Metaspace       used 16004K, capacity 16200K, committed 16384K, reserved 1062912K
  class space    used 1912K, capacity 1982K, committed 2048K, reserved 1048576K
Event: 564,352 GC heap after
Heap after GC invocations=998 (full 7):
 PSYoungGen      total 220672K, used 83168K [0x00000000ec200000, 0x0000000100000000, 0x0000000100000000)
  eden space 137216K, 0% used [0x00000000ec200000,0x00000000ec200000,0x00000000f4800000)
  from space 83456K, 99% used [0x00000000f4800000,0x00000000f9938020,0x00000000f9980000)
  to   space 104960K, 0% used [0x00000000f9980000,0x00000000f9980000,0x0000000100000000)
 ParOldGen       total 588800K, used 401219K [0x00000000c4600000, 0x00000000e8500000, 0x00000000ec200000)
  object space 588800K, 68% used [0x00000000c4600000,0x00000000dcdd0cc8,0x00000000e8500000)
 Metaspace       used 16004K, capacity 16200K, committed 16384K, reserved 1062912K
  class space    used 1912K, capacity 1982K, committed 2048K, reserved 1048576K
}

