# JRE version: OpenJDK Runtime Environment (8.0_191-b12) (build 1.8.0_191-8u191-b12-0ubuntu0.18.04.1-b12)
# Java VM: OpenJDK 64-Bit Server VM (25.191-b12 mixed mode linux-amd64 compressed oops)
Heap:
 PSYoungGen      total 184832K, used 66975K [0x00000000ec200000, 0x0000000100000000, 0x0000000100000000)
  eden space 108544K, 0% used [0x00000000ec200000,0x00000000ec200000,0x00000000f2c00000)
  from space 76288K, 87% used [0x00000000fb580000,0x00000000ff6e7e88,0x0000000100000000)
  to   space 108544K, 0% used [0x00000000f2c00000,0x00000000f2c00000,0x00000000f9600000)
 ParOldGen       total 417792K, used 417399K [0x00000000c4600000, 0x00000000dde00000, 0x00000000ec200000)
  object space 417792K, 99% used [0x00000000c4600000,0x00000000ddd9df90,0x00000000dde00000)
 Metaspace       used 16028K, capacity 16262K, committed 16640K, reserved 1064960K
  class space    used 1918K, capacity 1984K, committed 2048K, reserved 1048576K
GC Heap History (10 events):
Event: 629,279 GC heap after
Heap after GC invocations=990 (full 6):
 PSYoungGen      total 262656K, used 4069K [0x00000000ec200000, 0x0000000100000000, 0x0000000100000000)
  eden space 253952K, 0% used [0x00000000ec200000,0x00000000ec200000,0x00000000fba00000)
  from space 8704K, 46% used [0x00000000ff780000,0x00000000ffb79788,0x0000000100000000)
  to   space 35840K, 0% used [0x00000000fba00000,0x00000000fba00000,0x00000000fdd00000)
 ParOldGen       total 417792K, used 276447K [0x00000000c4600000, 0x00000000dde00000, 0x00000000ec200000)
  object space 417792K, 66% used [0x00000000c4600000,0x00000000d53f7e00,0x00000000dde00000)
 Metaspace       used 16028K, capacity 16262K, committed 16640K, reserved 1064960K
  class space    used 1918K, capacity 1984K, committed 2048K, reserved 1048576K
}
Event: 629,396 GC heap before
{Heap before GC invocations=991 (full 6):
 PSYoungGen      total 262656K, used 258021K [0x00000000ec200000, 0x0000000100000000, 0x0000000100000000)
  eden space 253952K, 100% used [0x00000000ec200000,0x00000000fba00000,0x00000000fba00000)
  from space 8704K, 46% used [0x00000000ff780000,0x00000000ffb79788,0x0000000100000000)
  to   space 35840K, 0% used [0x00000000fba00000,0x00000000fba00000,0x00000000fdd00000)
 ParOldGen       total 417792K, used 276447K [0x00000000c4600000, 0x00000000dde00000, 0x00000000ec200000)
  object space 417792K, 66% used [0x00000000c4600000,0x00000000d53f7e00,0x00000000dde00000)
 Metaspace       used 16028K, capacity 16262K, committed 16640K, reserved 1064960K
  class space    used 1918K, capacity 1984K, committed 2048K, reserved 1048576K
Event: 629,474 GC heap after
Heap after GC invocations=991 (full 6):
 PSYoungGen      total 289792K, used 35838K [0x00000000ec200000, 0x0000000100000000, 0x0000000100000000)
  eden space 253952K, 0% used [0x00000000ec200000,0x00000000ec200000,0x00000000fba00000)
  from space 35840K, 99% used [0x00000000fba00000,0x00000000fdcffb58,0x00000000fdd00000)
  to   space 35840K, 0% used [0x00000000fdd00000,0x00000000fdd00000,0x0000000100000000)
 ParOldGen       total 417792K, used 301759K [0x00000000c4600000, 0x00000000dde00000, 0x00000000ec200000)
  object space 417792K, 72% used [0x00000000c4600000,0x00000000d6cafe00,0x00000000dde00000)
 Metaspace       used 16028K, capacity 16262K, committed 16640K, reserved 1064960K
  class space    used 1918K, capacity 1984K, committed 2048K, reserved 1048576K
}
Event: 629,599 GC heap before
{Heap before GC invocations=992 (full 6):
 PSYoungGen      total 289792K, used 289790K [0x00000000ec200000, 0x0000000100000000, 0x0000000100000000)
  eden space 253952K, 100% used [0x00000000ec200000,0x00000000fba00000,0x00000000fba00000)
  from space 35840K, 99% used [0x00000000fba00000,0x00000000fdcffb58,0x00000000fdd00000)
  to   space 35840K, 0% used [0x00000000fdd00000,0x00000000fdd00000,0x0000000100000000)
 ParOldGen       total 417792K, used 301759K [0x00000000c4600000, 0x00000000dde00000, 0x00000000ec200000)
  object space 417792K, 72% used [0x00000000c4600000,0x00000000d6cafe00,0x00000000dde00000)
 Metaspace       used 16028K, capacity 16262K, committed 16640K, reserved 1064960K
  class space    used 1918K, capacity 1984K, committed 2048K, reserved 1048576K
Event: 629,687 GC heap after
Heap after GC invocations=992 (full 6):
 PSYoungGen      total 208896K, used 35838K [0x00000000ec200000, 0x0000000100000000, 0x0000000100000000)
  eden space 173056K, 0% used [0x00000000ec200000,0x00000000ec200000,0x00000000f6b00000)
  from space 35840K, 99% used [0x00000000fdd00000,0x00000000fffff8f8,0x0000000100000000)
  to   space 76288K, 0% used [0x00000000f6b00000,0x00000000f6b00000,0x00000000fb580000)
 ParOldGen       total 417792K, used 362999K [0x00000000c4600000, 0x00000000dde00000, 0x00000000ec200000)
  object space 417792K, 86% used [0x00000000c4600000,0x00000000da87de00,0x00000000dde00000)
 Metaspace       used 16028K, capacity 16262K, committed 16640K, reserved 1064960K
  class space    used 1918K, capacity 1984K, committed 2048K, reserved 1048576K
}
Event: 629,796 GC heap before
{Heap before GC invocations=993 (full 6):
 PSYoungGen      total 208896K, used 208894K [0x00000000ec200000, 0x0000000100000000, 0x0000000100000000)
  eden space 173056K, 100% used [0x00000000ec200000,0x00000000f6b00000,0x00000000f6b00000)
  from space 35840K, 99% used [0x00000000fdd00000,0x00000000fffff8f8,0x0000000100000000)
  to   space 76288K, 0% used [0x00000000f6b00000,0x00000000f6b00000,0x00000000fb580000)
 ParOldGen       total 417792K, used 362999K [0x00000000c4600000, 0x00000000dde00000, 0x00000000ec200000)
  object space 417792K, 86% used [0x00000000c4600000,0x00000000da87de00,0x00000000dde00000)
 Metaspace       used 16028K, capacity 16262K, committed 16640K, reserved 1064960K
  class space    used 1918K, capacity 1984K, committed 2048K, reserved 1048576K
Event: 629,849 GC heap after
Heap after GC invocations=993 (full 6):
 PSYoungGen      total 249344K, used 76285K [0x00000000ec200000, 0x0000000100000000, 0x0000000100000000)
  eden space 173056K, 0% used [0x00000000ec200000,0x00000000ec200000,0x00000000f6b00000)
  from space 76288K, 99% used [0x00000000f6b00000,0x00000000fb57f568,0x00000000fb580000)
  to   space 76288K, 0% used [0x00000000fb580000,0x00000000fb580000,0x0000000100000000)
 ParOldGen       total 417792K, used 365471K [0x00000000c4600000, 0x00000000dde00000, 0x00000000ec200000)
  object space 417792K, 87% used [0x00000000c4600000,0x00000000daae7e00,0x00000000dde00000)
 Metaspace       used 16028K, capacity 16262K, committed 16640K, reserved 1064960K
  class space    used 1918K, capacity 1984K, committed 2048K, reserved 1048576K
}
Event: 629,971 GC heap before
{Heap before GC invocations=994 (full 6):
 PSYoungGen      total 249344K, used 248174K [0x00000000ec200000, 0x0000000100000000, 0x0000000100000000)
  eden space 173056K, 99% used [0x00000000ec200000,0x00000000f69dc2f0,0x00000000f6b00000)
  from space 76288K, 99% used [0x00000000f6b00000,0x00000000fb57f568,0x00000000fb580000)
  to   space 76288K, 0% used [0x00000000fb580000,0x00000000fb580000,0x0000000100000000)
 ParOldGen       total 417792K, used 365471K [0x00000000c4600000, 0x00000000dde00000, 0x00000000ec200000)
  object space 417792K, 87% used [0x00000000c4600000,0x00000000daae7e00,0x00000000dde00000)
 Metaspace       used 16028K, capacity 16262K, committed 16640K, reserved 1064960K
  class space    used 1918K, capacity 1984K, committed 2048K, reserved 1048576K
Event: 630,085 GC heap after
Heap after GC invocations=994 (full 6):
 PSYoungGen      total 184832K, used 76285K [0x00000000ec200000, 0x0000000100000000, 0x0000000100000000)
  eden space 108544K, 0% used [0x00000000ec200000,0x00000000ec200000,0x00000000f2c00000)
  from space 76288K, 99% used [0x00000000fb580000,0x00000000fffff578,0x0000000100000000)
  to   space 108544K, 0% used [0x00000000f2c00000,0x00000000f2c00000,0x00000000f9600000)
 ParOldGen       total 417792K, used 408999K [0x00000000c4600000, 0x00000000dde00000, 0x00000000ec200000)
  object space 417792K, 97% used [0x00000000c4600000,0x00000000dd569e00,0x00000000dde00000)
 Metaspace       used 16028K, capacity 16262K, committed 16640K, reserved 1064960K
  class space    used 1918K, capacity 1984K, committed 2048K, reserved 1048576K
}
Event: 630,085 GC heap before
{Heap before GC invocations=995 (full 7):
 PSYoungGen      total 184832K, used 76285K [0x00000000ec200000, 0x0000000100000000, 0x0000000100000000)
  eden space 108544K, 0% used [0x00000000ec200000,0x00000000ec200000,0x00000000f2c00000)
  from space 76288K, 99% used [0x00000000fb580000,0x00000000fffff578,0x0000000100000000)
  to   space 108544K, 0% used [0x00000000f2c00000,0x00000000f2c00000,0x00000000f9600000)
 ParOldGen       total 417792K, used 408999K [0x00000000c4600000, 0x00000000dde00000, 0x00000000ec200000)
  object space 417792K, 97% used [0x00000000c4600000,0x00000000dd569e00,0x00000000dde00000)
 Metaspace       used 16028K, capacity 16262K, committed 16640K, reserved 1064960K
  class space    used 1918K, capacity 1984K, committed 2048K, reserved 1048576K

